0 info it worked if it ends with ok
1 verbose cli [ 'node',
1 verbose cli   'C:\\Users\\vagner\\AppData\\Roaming\\npm\\node_modules\\npm\\bin\\npm-cli.js',
1 verbose cli   'install',
1 verbose cli   'ngkookies' ]
2 info using npm@2.13.2
3 info using node@v0.12.7
4 verbose install initial load of C:\wamp\www\App-IOS\package.json
5 verbose stack Error: Invalid name: "Double Let's Eat"
5 verbose stack     at ensureValidName (C:\Users\vagner\AppData\Roaming\npm\node_modules\npm\node_modules\normalize-package-data\lib\fixer.js:331:15)
5 verbose stack     at Object.module.exports.fixNameField (C:\Users\vagner\AppData\Roaming\npm\node_modules\npm\node_modules\normalize-package-data\lib\fixer.js:210:5)
5 verbose stack     at C:\Users\vagner\AppData\Roaming\npm\node_modules\npm\node_modules\normalize-package-data\lib\normalize.js:32:38
5 verbose stack     at Array.forEach (native)
5 verbose stack     at normalize (C:\Users\vagner\AppData\Roaming\npm\node_modules\npm\node_modules\normalize-package-data\lib\normalize.js:31:15)
5 verbose stack     at final (C:\Users\vagner\AppData\Roaming\npm\node_modules\npm\node_modules\read-package-json\read-json.js:338:5)
5 verbose stack     at then (C:\Users\vagner\AppData\Roaming\npm\node_modules\npm\node_modules\read-package-json\read-json.js:113:5)
5 verbose stack     at C:\Users\vagner\AppData\Roaming\npm\node_modules\npm\node_modules\read-package-json\read-json.js:300:12
5 verbose stack     at evalmachine.<anonymous>:334:14
5 verbose stack     at C:\Users\vagner\AppData\Roaming\npm\node_modules\npm\node_modules\read-package-json\node_modules\graceful-fs\graceful-fs.js:102:5
6 verbose cwd C:\wamp\www\App-IOS
7 error Windows_NT 6.3.9600
8 error argv "node" "C:\\Users\\vagner\\AppData\\Roaming\\npm\\node_modules\\npm\\bin\\npm-cli.js" "install" "ngkookies"
9 error node v0.12.7
10 error npm  v2.13.2
11 error Invalid name: "Double Let's Eat"
12 error If you need help, you may report this error at:
12 error     <https://github.com/npm/npm/issues>
13 verbose exit [ 1, true ]
